[0mGET /maps [32m200 [0m6403.170 ms - 261805[0m
[0mGET /favicon.ico [33m404 [0m23.820 ms - 2195[0m
[0mGET /maps [32m200 [0m336.019 ms - 261805[0m
[0mGET / [32m200 [0m466.268 ms - 112702[0m
[0mGET /stylesheets/theme.css [36m304 [0m2.187 ms - -[0m
[0mGET /javascripts/customerFilter.js [36m304 [0m1.470 ms - -[0m
[0mGET /javascripts/engineersFilter.js [36m304 [0m0.943 ms - -[0m
[0mGET /javascripts/createMapMenu.js [36m304 [0m0.989 ms - -[0m
[0mGET /stylesheets/style.css [36m304 [0m1.843 ms - -[0m
[0mGET /javascripts/ServiceCallsClass.js [36m304 [0m8.117 ms - -[0m
[0mGET /javascripts/createEngMenu.js [36m304 [0m2.404 ms - -[0m
[0mGET /javascripts/SkillsClass.js [36m304 [0m2.941 ms - -[0m
[0mGET /maps [36m304 [0m362.712 ms - -[0m
[0mGET /images/home-24.png [32m200 [0m6.247 ms - 314[0m
[0mGET /maps [32m200 [0m9430.345 ms - 262404[0m
[0mGET / [36m304 [0m9820.171 ms - -[0m
[0mGET /stylesheets/style.css [36m304 [0m1.386 ms - -[0m
[0mGET /javascripts/ServiceCallsClass.js [36m304 [0m11.599 ms - -[0m
[0mGET /javascripts/engineersFilter.js [36m304 [0m2.446 ms - -[0m
[0mGET /stylesheets/theme.css [36m304 [0m2.552 ms - -[0m
[0mGET /javascripts/createMapMenu.js [36m304 [0m0.996 ms - -[0m
[0mGET /javascripts/createEngMenu.js [36m304 [0m0.748 ms - -[0m
[0mGET /javascripts/customerFilter.js [36m304 [0m1.168 ms - -[0m
[0mGET /javascripts/SkillsClass.js [36m304 [0m2.956 ms - -[0m
[0mGET /maps [32m200 [0m322.244 ms - 262404[0m
[0mGET /maps [32m200 [0m274.026 ms - 262404[0m
[0mGET / [36m304 [0m646.032 ms - -[0m
[0mGET /stylesheets/style.css [36m304 [0m1.859 ms - -[0m
[0mGET /stylesheets/theme.css [36m304 [0m1.341 ms - -[0m
[0mGET /javascripts/createMapMenu.js [36m304 [0m1.533 ms - -[0m
[0mGET /javascripts/SkillsClass.js [36m304 [0m7.077 ms - -[0m
[0mGET /javascripts/engineersFilter.js [36m304 [0m1.973 ms - -[0m
[0mGET /javascripts/ServiceCallsClass.js [36m304 [0m1.805 ms - -[0m
[0mGET /javascripts/createEngMenu.js [36m304 [0m1.951 ms - -[0m
[0mGET /javascripts/customerFilter.js [36m304 [0m1.923 ms - -[0m
[0mGET /maps [36m304 [0m298.367 ms - -[0m
[0mGET /maps [32m200 [0m350.217 ms - 262382[0m
[0mGET / [36m304 [0m419.439 ms - -[0m
[0mGET /stylesheets/theme.css [36m304 [0m1.302 ms - -[0m
[0mGET /stylesheets/style.css [36m304 [0m1.718 ms - -[0m
[0mGET /javascripts/SkillsClass.js [36m304 [0m2.240 ms - -[0m
[0mGET /javascripts/ServiceCallsClass.js [36m304 [0m2.341 ms - -[0m
[0mGET /javascripts/engineersFilter.js [36m304 [0m0.718 ms - -[0m
[0mGET /javascripts/createMapMenu.js [36m304 [0m6.345 ms - -[0m
[0mGET /javascripts/customerFilter.js [36m304 [0m1.306 ms - -[0m
[0mGET /javascripts/createEngMenu.js [36m304 [0m0.675 ms - -[0m
[0mGET /maps [32m200 [0m333.647 ms - 262382[0m
[0mGET /maps [32m200 [0m263.243 ms - 262382[0m
[0mGET / [36m304 [0m327.657 ms - -[0m
[0mGET /stylesheets/theme.css [36m304 [0m1.467 ms - -[0m
[0mGET /javascripts/engineersFilter.js [36m304 [0m1.328 ms - -[0m
[0mGET /javascripts/SkillsClass.js [36m304 [0m0.836 ms - -[0m
[0mGET /javascripts/ServiceCallsClass.js [36m304 [0m1.056 ms - -[0m
[0mGET /stylesheets/style.css [36m304 [0m0.709 ms - -[0m
[0mGET /javascripts/createMapMenu.js [36m304 [0m1.394 ms - -[0m
[0mGET /javascripts/createEngMenu.js [36m304 [0m1.074 ms - -[0m
[0mGET /javascripts/customerFilter.js [36m304 [0m0.716 ms - -[0m
[0mGET /maps [36m304 [0m333.497 ms - -[0m
[0mGET /maps [32m200 [0m258.555 ms - 262382[0m
[0mGET / [36m304 [0m631.134 ms - -[0m
[0mGET /stylesheets/theme.css [36m304 [0m5.096 ms - -[0m
[0mGET /javascripts/customerFilter.js [36m304 [0m0.756 ms - -[0m
[0mGET /javascripts/ServiceCallsClass.js [36m304 [0m0.424 ms - -[0m
[0mGET /javascripts/engineersFilter.js [36m304 [0m0.391 ms - -[0m
[0mGET /stylesheets/style.css [36m304 [0m0.432 ms - -[0m
[0mGET /javascripts/SkillsClass.js [36m304 [0m0.399 ms - -[0m
[0mGET /javascripts/createMapMenu.js [36m304 [0m0.760 ms - -[0m
[0mGET /javascripts/createEngMenu.js [36m304 [0m0.737 ms - -[0m
[0mGET /maps [36m304 [0m260.609 ms - -[0m
[0mGET /maps [32m200 [0m265.521 ms - 262382[0m
[0mGET / [36m304 [0m632.550 ms - -[0m
[0mGET /stylesheets/theme.css [36m304 [0m1.465 ms - -[0m
[0mGET /javascripts/SkillsClass.js [36m304 [0m0.767 ms - -[0m
[0mGET /stylesheets/style.css [36m304 [0m0.987 ms - -[0m
[0mGET /javascripts/ServiceCallsClass.js [36m304 [0m1.066 ms - -[0m
[0mGET /javascripts/engineersFilter.js [36m304 [0m0.753 ms - -[0m
[0mGET /javascripts/createMapMenu.js [36m304 [0m0.717 ms - -[0m
[0mGET /javascripts/createEngMenu.js [36m304 [0m4.246 ms - -[0m
[0mGET /javascripts/customerFilter.js [36m304 [0m4.054 ms - -[0m
[0mGET /maps [36m304 [0m302.703 ms - -[0m
[0mGET /maps [32m200 [0m250.500 ms - 262382[0m
[0mGET / [36m304 [0m619.493 ms - -[0m
[0mGET /stylesheets/theme.css [36m304 [0m1.433 ms - -[0m
[0mGET /stylesheets/style.css [36m304 [0m1.078 ms - -[0m
[0mGET /javascripts/customerFilter.js [36m304 [0m1.790 ms - -[0m
[0mGET /javascripts/engineersFilter.js [36m304 [0m1.709 ms - -[0m
[0mGET /javascripts/ServiceCallsClass.js [36m304 [0m3.184 ms - -[0m
[0mGET /javascripts/SkillsClass.js [36m304 [0m5.610 ms - -[0m
[0mGET /javascripts/createMapMenu.js [36m304 [0m1.792 ms - -[0m
[0mGET /javascripts/createEngMenu.js [36m304 [0m1.627 ms - -[0m
[0mGET /maps [36m304 [0m361.414 ms - -[0m
[0mGET /maps [32m200 [0m1486.582 ms - 262382[0m
[0mGET / [36m304 [0m1648.117 ms - -[0m
[0mGET /stylesheets/theme.css [36m304 [0m9.456 ms - -[0m
[0mGET /stylesheets/style.css [36m304 [0m8.200 ms - -[0m
[0mGET /javascripts/SkillsClass.js [36m304 [0m0.752 ms - -[0m
[0mGET /javascripts/ServiceCallsClass.js [36m304 [0m5.398 ms - -[0m
[0mGET /javascripts/customerFilter.js [36m304 [0m7.012 ms - -[0m
[0mGET /javascripts/createMapMenu.js [36m304 [0m7.087 ms - -[0m
[0mGET /javascripts/engineersFilter.js [36m304 [0m2.900 ms - -[0m
[0mGET /javascripts/createEngMenu.js [36m304 [0m1.195 ms - -[0m
[0mGET /maps [36m304 [0m742.134 ms - -[0m
[0mGET /maps [32m200 [0m650.070 ms - 262382[0m
[0mGET / [36m304 [0m1064.087 ms - -[0m
[0mGET /stylesheets/style.css [36m304 [0m0.837 ms - -[0m
[0mGET /stylesheets/theme.css [36m304 [0m11.394 ms - -[0m
[0mGET /javascripts/createMapMenu.js [36m304 [0m2.445 ms - -[0m
[0mGET /javascripts/engineersFilter.js [36m304 [0m1.382 ms - -[0m
[0mGET /javascripts/customerFilter.js [36m304 [0m2.045 ms - -[0m
[0mGET /javascripts/ServiceCallsClass.js [36m304 [0m2.277 ms - -[0m
[0mGET /javascripts/createEngMenu.js [36m304 [0m2.297 ms - -[0m
[0mGET /javascripts/SkillsClass.js [36m304 [0m0.718 ms - -[0m
[0mGET /maps [36m304 [0m595.422 ms - -[0m
[0mGET /maps [32m200 [0m329.942 ms - 262382[0m
[0mGET / [36m304 [0m697.215 ms - -[0m
[0mGET /stylesheets/style.css [36m304 [0m1.362 ms - -[0m
[0mGET /stylesheets/theme.css [36m304 [0m4.061 ms - -[0m
[0mGET /javascripts/customerFilter.js [36m304 [0m0.911 ms - -[0m
[0mGET /javascripts/engineersFilter.js [36m304 [0m0.855 ms - -[0m
[0mGET /javascripts/createMapMenu.js [36m304 [0m0.341 ms - -[0m
[0mGET /javascripts/createEngMenu.js [36m304 [0m0.423 ms - -[0m
[0mGET /javascripts/SkillsClass.js [36m304 [0m5.465 ms - -[0m
[0mGET /javascripts/ServiceCallsClass.js [36m304 [0m2.275 ms - -[0m
[0mGET /maps [36m304 [0m300.656 ms - -[0m
[0mGET /maps [32m200 [0m291.397 ms - 262382[0m
[0mGET / [36m304 [0m356.314 ms - -[0m
[0mGET /stylesheets/theme.css [36m304 [0m1.167 ms - -[0m
[0mGET /stylesheets/style.css [36m304 [0m0.707 ms - -[0m
[0mGET /javascripts/customerFilter.js [36m304 [0m0.826 ms - -[0m
[0mGET /javascripts/SkillsClass.js [36m304 [0m1.169 ms - -[0m
[0mGET /javascripts/createMapMenu.js [36m304 [0m0.775 ms - -[0m
[0mGET /javascripts/ServiceCallsClass.js [36m304 [0m1.474 ms - -[0m
[0mGET /javascripts/createEngMenu.js [36m304 [0m0.817 ms - -[0m
[0mGET /javascripts/engineersFilter.js [36m304 [0m0.543 ms - -[0m
[0mGET /maps [36m304 [0m329.480 ms - -[0m
[0mGET /maps [32m200 [0m280.127 ms - 262382[0m
[0mGET / [36m304 [0m346.249 ms - -[0m
[0mGET /stylesheets/theme.css [36m304 [0m1.720 ms - -[0m
[0mGET /javascripts/SkillsClass.js [36m304 [0m1.841 ms - -[0m
[0mGET /javascripts/engineersFilter.js [36m304 [0m0.945 ms - -[0m
[0mGET /javascripts/customerFilter.js [36m304 [0m1.275 ms - -[0m
[0mGET /javascripts/createEngMenu.js [36m304 [0m2.277 ms - -[0m
[0mGET /javascripts/ServiceCallsClass.js [36m304 [0m2.055 ms - -[0m
[0mGET /javascripts/createMapMenu.js [36m304 [0m1.924 ms - -[0m
[0mGET /stylesheets/style.css [36m304 [0m6.106 ms - -[0m
[0mGET /maps [36m304 [0m356.885 ms - -[0m
[0mGET /maps [32m200 [0m250.858 ms - 262382[0m
[0mGET / [36m304 [0m322.736 ms - -[0m
[0mGET /stylesheets/style.css [36m304 [0m1.620 ms - -[0m
[0mGET /javascripts/engineersFilter.js [36m304 [0m1.455 ms - -[0m
[0mGET /javascripts/SkillsClass.js [36m304 [0m1.443 ms - -[0m
[0mGET /stylesheets/theme.css [36m304 [0m0.659 ms - -[0m
[0mGET /javascripts/ServiceCallsClass.js [36m304 [0m1.149 ms - -[0m
[0mGET /javascripts/createEngMenu.js [36m304 [0m0.840 ms - -[0m
[0mGET /javascripts/customerFilter.js [36m304 [0m0.380 ms - -[0m
[0mGET /javascripts/createMapMenu.js [36m304 [0m0.567 ms - -[0m
[0mGET /maps [36m304 [0m298.525 ms - -[0m
[0mGET /maps [32m200 [0m304.659 ms - 262382[0m
[0mGET / [36m304 [0m369.995 ms - -[0m
[0mGET /stylesheets/theme.css [36m304 [0m0.994 ms - -[0m
[0mGET /javascripts/engineersFilter.js [36m304 [0m0.556 ms - -[0m
[0mGET /javascripts/customerFilter.js [36m304 [0m1.566 ms - -[0m
[0mGET /javascripts/createMapMenu.js [36m304 [0m1.203 ms - -[0m
[0mGET /javascripts/SkillsClass.js [36m304 [0m1.278 ms - -[0m
[0mGET /javascripts/ServiceCallsClass.js [36m304 [0m1.617 ms - -[0m
[0mGET /javascripts/createEngMenu.js [36m304 [0m1.336 ms - -[0m
[0mGET /stylesheets/style.css [36m304 [0m1.337 ms - -[0m
[0mGET /maps [36m304 [0m336.341 ms - -[0m
[0mGET /maps [32m200 [0m280.881 ms - 262382[0m
[0mGET / [36m304 [0m356.679 ms - -[0m
[0mGET /stylesheets/style.css [36m304 [0m0.917 ms - -[0m
[0mGET /stylesheets/theme.css [36m304 [0m0.861 ms - -[0m
[0mGET /javascripts/customerFilter.js [36m304 [0m0.724 ms - -[0m
[0mGET /javascripts/engineersFilter.js [36m304 [0m0.616 ms - -[0m
[0mGET /javascripts/ServiceCallsClass.js [36m304 [0m1.055 ms - -[0m
[0mGET /javascripts/createEngMenu.js [36m304 [0m1.081 ms - -[0m
[0mGET /javascripts/createMapMenu.js [36m304 [0m0.610 ms - -[0m
[0mGET /javascripts/SkillsClass.js [36m304 [0m4.259 ms - -[0m
[0mGET /maps [36m304 [0m373.745 ms - -[0m
[0mGET /images/home-24.png [36m304 [0m0.941 ms - -[0m
[0mGET /stylesheets/style.css [36m304 [0m0.823 ms - -[0m
[0mGET /stylesheets/theme.css [36m304 [0m0.771 ms - -[0m
[0mGET /maps [32m200 [0m3288.887 ms - 262382[0m
[0mGET / [32m200 [0m3674.569 ms - 112869[0m
[0mGET /stylesheets/style.css [32m200 [0m13.842 ms - 416[0m
[0mGET /javascripts/engineersFilter.js [32m200 [0m16.780 ms - 3698[0m
[0mGET /javascripts/customerFilter.js [32m200 [0m23.375 ms - 3133[0m
[0mGET /javascripts/SkillsClass.js [32m200 [0m25.347 ms - 8379[0m
[0mGET /javascripts/ServiceCallsClass.js [32m200 [0m18.131 ms - 7912[0m
[0mGET /stylesheets/theme.css [32m200 [0m36.425 ms - 136181[0m
[0mGET /javascripts/createMapMenu.js [32m200 [0m18.720 ms - 12591[0m
[0mGET /javascripts/createEngMenu.js [32m200 [0m37.376 ms - 4980[0m
[0mGET /maps [32m200 [0m724.590 ms - 262382[0m
[0mGET /favicon.ico [33m404 [0m20.607 ms - 2195[0m
[0mGET /images/home-24.png [32m200 [0m7.818 ms - 314[0m
[0mGET /maps [32m200 [0m314.054 ms - 262382[0m
[0mGET / [36m304 [0m403.415 ms - -[0m
[0mGET /stylesheets/theme.css [36m304 [0m1.388 ms - -[0m
[0mGET /stylesheets/style.css [36m304 [0m1.499 ms - -[0m
[0mGET /javascripts/ServiceCallsClass.js [36m304 [0m5.831 ms - -[0m
[0mGET /javascripts/customerFilter.js [36m304 [0m1.820 ms - -[0m
[0mGET /javascripts/createMapMenu.js [36m304 [0m1.863 ms - -[0m
[0mGET /javascripts/createEngMenu.js [36m304 [0m1.969 ms - -[0m
[0mGET /javascripts/SkillsClass.js [36m304 [0m1.963 ms - -[0m
[0mGET /javascripts/engineersFilter.js [36m304 [0m1.812 ms - -[0m
[0mGET /maps [36m304 [0m368.587 ms - -[0m
[0mGET /maps [32m200 [0m318.200 ms - 262382[0m
[0mGET / [36m304 [0m385.596 ms - -[0m
[0mGET /stylesheets/theme.css [36m304 [0m2.099 ms - -[0m
[0mGET /stylesheets/style.css [36m304 [0m1.594 ms - -[0m
[0mGET /javascripts/ServiceCallsClass.js [36m304 [0m4.493 ms - -[0m
[0mGET /javascripts/SkillsClass.js [36m304 [0m4.407 ms - -[0m
[0mGET /javascripts/createMapMenu.js [36m304 [0m4.417 ms - -[0m
[0mGET /javascripts/customerFilter.js [36m304 [0m1.772 ms - -[0m
[0mGET /javascripts/createEngMenu.js [36m304 [0m0.762 ms - -[0m
[0mGET /javascripts/engineersFilter.js [36m304 [0m0.497 ms - -[0m
[0mGET /maps [36m304 [0m344.501 ms - -[0m
[0mGET /maps [36m304 [0m359.776 ms - -[0m
[0mGET /maps [36m304 [0m333.319 ms - -[0m
[0mGET /stylesheets/theme.css [36m304 [0m1.294 ms - -[0m
[0mGET /stylesheets/style.css [36m304 [0m1.271 ms - -[0m
[0mGET /users [0m- [0m- ms - -[0m
[0mGET /users [0m- [0m- ms - -[0m
[0mGET /users [0m- [0m- ms - -[0m
[0mGET /users [0m- [0m- ms - -[0m
[0mGET /users [0m- [0m- ms - -[0m
[0mGET /users [0m- [0m- ms - -[0m
[0mGET /users [0m- [0m- ms - -[0m
[0mGET /maps [32m200 [0m21426.636 ms - 262382[0m
[0mGET / [36m304 [0m21822.443 ms - -[0m
[0mGET /stylesheets/theme.css [36m304 [0m1.810 ms - -[0m
[0mGET /stylesheets/style.css [36m304 [0m1.436 ms - -[0m
[0mGET /javascripts/SkillsClass.js [36m304 [0m0.882 ms - -[0m
[0mGET /javascripts/engineersFilter.js [36m304 [0m2.575 ms - -[0m
[0mGET /javascripts/createMapMenu.js [36m304 [0m0.672 ms - -[0m
[0mGET /javascripts/ServiceCallsClass.js [36m304 [0m1.391 ms - -[0m
[0mGET /javascripts/createEngMenu.js [36m304 [0m1.350 ms - -[0m
[0mGET /javascripts/customerFilter.js [36m304 [0m1.306 ms - -[0m
[0mGET /maps [36m304 [0m364.897 ms - -[0m
[0mGET /app [33m404 [0m7.597 ms - 2286[0m
[0mGET /app [33m404 [0m18.774 ms - 2286[0m
